2019-12-03.13:30:28 INFO  [restartedMain] com.scs.web.space.api.SpaceApiApplication.logStarting:55  Starting SpaceApiApplication on DESKTOP-O0Q1ISM with PID 20808 (F:\space\space-api\target\classes started by wf in F:\space\space-api)
2019-12-03.13:30:28 INFO  [restartedMain] com.scs.web.space.api.SpaceApiApplication.logStartupProfileInfo:651  No active profile set, falling back to default profiles: default
2019-12-03.13:30:29 INFO  [restartedMain] com.scs.web.space.api.SpaceApiApplication.logStarted:61  Started SpaceApiApplication in 1.07 seconds (JVM running for 8530.45)
2019-12-03.13:30:29 INFO  [main] com.scs.web.space.api.mapper.FriendMapperTest.logStarting:55  Starting FriendMapperTest on DESKTOP-O0Q1ISM with PID 20596 (started by wf in F:\space\space-api)
2019-12-03.13:30:29 INFO  [main] com.scs.web.space.api.mapper.FriendMapperTest.logStartupProfileInfo:651  No active profile set, falling back to default profiles: default
2019-12-03.13:30:34 INFO  [main] com.scs.web.space.api.mapper.FriendMapperTest.logStarted:61  Started FriendMapperTest in 4.603 seconds (JVM running for 5.807)
2019-12-03.13:30:47 INFO  [restartedMain] com.scs.web.space.api.SpaceApiApplication.logStarting:55  Starting SpaceApiApplication on DESKTOP-O0Q1ISM with PID 14424 (F:\space\space-api\target\classes started by wf in F:\space\space-api)
2019-12-03.13:30:47 INFO  [restartedMain] com.scs.web.space.api.SpaceApiApplication.logStartupProfileInfo:651  No active profile set, falling back to default profiles: default
2019-12-03.13:30:50 INFO  [restartedMain] com.scs.web.space.api.SpaceApiApplication.logStarted:61  Started SpaceApiApplication in 3.26 seconds (JVM running for 4.123)
2019-12-03.13:40:39 INFO  [restartedMain] com.scs.web.space.api.SpaceApiApplication.logStarting:55  Starting SpaceApiApplication on DESKTOP-O0Q1ISM with PID 14424 (F:\space\space-api\target\classes started by wf in F:\space\space-api)
2019-12-03.13:40:39 INFO  [restartedMain] com.scs.web.space.api.SpaceApiApplication.logStartupProfileInfo:651  No active profile set, falling back to default profiles: default
2019-12-03.13:40:40 INFO  [restartedMain] com.scs.web.space.api.SpaceApiApplication.logStarted:61  Started SpaceApiApplication in 0.527 seconds (JVM running for 593.776)
2019-12-03.13:40:44 INFO  [restartedMain] com.scs.web.space.api.SpaceApiApplication.logStarting:55  Starting SpaceApiApplication on DESKTOP-O0Q1ISM with PID 14424 (F:\space\space-api\target\classes started by wf in F:\space\space-api)
2019-12-03.13:40:44 INFO  [restartedMain] com.scs.web.space.api.SpaceApiApplication.logStartupProfileInfo:651  No active profile set, falling back to default profiles: default
2019-12-03.13:40:44 INFO  [restartedMain] com.scs.web.space.api.SpaceApiApplication.logStarted:61  Started SpaceApiApplication in 0.714 seconds (JVM running for 598.481)
2019-12-03.13:42:12 INFO  [restartedMain] com.scs.web.space.api.SpaceApiApplication.logStarting:55  Starting SpaceApiApplication on DESKTOP-O0Q1ISM with PID 14424 (F:\space\space-api\target\classes started by wf in F:\space\space-api)
2019-12-03.13:42:12 INFO  [restartedMain] com.scs.web.space.api.SpaceApiApplication.logStartupProfileInfo:651  No active profile set, falling back to default profiles: default
2019-12-03.13:42:14 INFO  [restartedMain] com.scs.web.space.api.SpaceApiApplication.logStarted:61  Started SpaceApiApplication in 1.323 seconds (JVM running for 687.807)
2019-12-03.13:50:15 INFO  [restartedMain] com.scs.web.space.api.SpaceApiApplication.logStarting:55  Starting SpaceApiApplication on DESKTOP-O0Q1ISM with PID 14424 (F:\space\space-api\target\classes started by wf in F:\space\space-api)
2019-12-03.13:50:15 INFO  [restartedMain] com.scs.web.space.api.SpaceApiApplication.logStartupProfileInfo:651  No active profile set, falling back to default profiles: default
2019-12-03.13:50:15 INFO  [restartedMain] com.scs.web.space.api.SpaceApiApplication.logStarted:61  Started SpaceApiApplication in 0.62 seconds (JVM running for 1169.557)
2019-12-03.13:51:18 INFO  [restartedMain] com.scs.web.space.api.SpaceApiApplication.logStarting:55  Starting SpaceApiApplication on DESKTOP-O0Q1ISM with PID 14424 (F:\space\space-api\target\classes started by wf in F:\space\space-api)
2019-12-03.13:51:18 INFO  [restartedMain] com.scs.web.space.api.SpaceApiApplication.logStartupProfileInfo:651  No active profile set, falling back to default profiles: default
2019-12-03.13:51:19 INFO  [restartedMain] com.scs.web.space.api.SpaceApiApplication.logStarted:61  Started SpaceApiApplication in 0.641 seconds (JVM running for 1233.06)
